<?xml version="1.0" encoding="UTF-8"?>
<!-- Generated by org.testng.reporters.JUnitReportReporter -->
<testsuite hostname="LTIN168041" failures="0" tests="1" name="testCases.Tc_002_WriteDataIntoExcel" time="0.020" errors="0" timestamp="2024-02-02T15:47:54 IST" skipped="0">
  <testcase classname="testCases.Tc_002_WriteDataIntoExcel" name="writeData" time="0.020"/>
  <system-out/>
</testsuite> <!-- testCases.Tc_002_WriteDataIntoExcel -->
